[debug] [2024-03-18T09:05:32.341Z] ----------------------------------------------------------------------
[debug] [2024-03-18T09:05:32.344Z] Command:       C:\Program Files\nodejs\node.exe C:\Users\monik\AppData\Roaming\npm\node_modules\firebase-tools\lib\bin\firebase.js init
[debug] [2024-03-18T09:05:32.344Z] CLI Version:   13.5.1
[debug] [2024-03-18T09:05:32.345Z] Platform:      win32
[debug] [2024-03-18T09:05:32.345Z] Node Version:  v20.5.0
[debug] [2024-03-18T09:05:32.345Z] Time:          Mon Mar 18 2024 14:35:32 GMT+0530 (India Standard Time)
[debug] [2024-03-18T09:05:32.345Z] ----------------------------------------------------------------------
[debug] 
[debug] [2024-03-18T09:05:32.429Z] > command requires scopes: ["email","openid","https://www.googleapis.com/auth/cloudplatformprojects.readonly","https://www.googleapis.com/auth/firebase","https://www.googleapis.com/auth/cloud-platform"]
[debug] [2024-03-18T09:05:32.429Z] > authorizing via signed-in user (monikachandgude99@gmail.com)
[info] 
     ######## #### ########  ######## ########     ###     ######  ########
     ##        ##  ##     ## ##       ##     ##  ##   ##  ##       ##
     ######    ##  ########  ######   ########  #########  ######  ######
     ##        ##  ##    ##  ##       ##     ## ##     ##       ## ##
     ##       #### ##     ## ######## ########  ##     ##  ######  ########

You're about to initialize a Firebase project in this directory:

  D:\project\inotebook

Before we get started, keep in mind:

  * You are initializing within an existing Firebase project directory

[info] 
=== Project Setup
[info] 
[info] First, let's associate this project directory with a Firebase project.
[info] You can create multiple project aliases by running firebase use --add, 
[info] but for now we'll just set up a default project.
[info] 
[debug] [2024-03-18T09:06:19.428Z] Using project from CLI flag: keepmynotes-47a07
[debug] [2024-03-18T09:06:19.432Z] >>> [apiv2][query] GET https://firebase.googleapis.com/v1beta1/projects/keepmynotes-47a07 [none]
[debug] [2024-03-18T09:06:21.294Z] <<< [apiv2][status] GET https://firebase.googleapis.com/v1beta1/projects/keepmynotes-47a07 200
[debug] [2024-03-18T09:06:21.295Z] <<< [apiv2][body] GET https://firebase.googleapis.com/v1beta1/projects/keepmynotes-47a07 {"projectId":"keepmynotes-47a07","projectNumber":"897393427250","displayName":"KeepMyNotes","name":"projects/keepmynotes-47a07","resources":{"hostingSite":"keepmynotes-47a07","realtimeDatabaseInstance":"keepmynotes-47a07-default-rtdb"},"state":"ACTIVE","etag":"1_ee348d03-c6dd-49e1-a07d-fc31787a3c65"}
[info] i  Using project keepmynotes-47a07 (KeepMyNotes) 
[info] 
=== Database Setup
[info] i  database: ensuring required API firebasedatabase.googleapis.com is enabled... 
[debug] [2024-03-18T09:06:21.319Z] >>> [apiv2][query] GET https://serviceusage.googleapis.com/v1/projects/keepmynotes-47a07/services/firebasedatabase.googleapis.com [none]
[debug] [2024-03-18T09:06:21.320Z] >>> [apiv2][(partial)header] GET https://serviceusage.googleapis.com/v1/projects/keepmynotes-47a07/services/firebasedatabase.googleapis.com x-goog-quota-user=projects/keepmynotes-47a07
[debug] [2024-03-18T09:06:23.947Z] <<< [apiv2][status] GET https://serviceusage.googleapis.com/v1/projects/keepmynotes-47a07/services/firebasedatabase.googleapis.com 200
[debug] [2024-03-18T09:06:23.948Z] <<< [apiv2][body] GET https://serviceusage.googleapis.com/v1/projects/keepmynotes-47a07/services/firebasedatabase.googleapis.com [omitted]
[info] +  database: required API firebasedatabase.googleapis.com is enabled 
[info] 
[debug] [2024-03-18T09:06:23.953Z] >>> [apiv2][query] GET https://firebasedatabase.googleapis.com/v1beta/projects/keepmynotes-47a07/locations/-/instances/keepmynotes-47a07-default-rtdb [none]
[debug] [2024-03-18T09:06:26.199Z] <<< [apiv2][status] GET https://firebasedatabase.googleapis.com/v1beta/projects/keepmynotes-47a07/locations/-/instances/keepmynotes-47a07-default-rtdb 200
[debug] [2024-03-18T09:06:26.200Z] <<< [apiv2][body] GET https://firebasedatabase.googleapis.com/v1beta/projects/keepmynotes-47a07/locations/-/instances/keepmynotes-47a07-default-rtdb {"name":"projects/897393427250/locations/us-central1/instances/keepmynotes-47a07-default-rtdb","project":"projects/897393427250","databaseUrl":"https://keepmynotes-47a07-default-rtdb.firebaseio.com","type":"DEFAULT_DATABASE","state":"ACTIVE"}
[info] 
[info] Firebase Realtime Database Security Rules allow you to define how your data should be
[info] structured and when your data can be read from and written to.
[info] 
